<?xml version="1.0" encoding="UTF-8"?>
<testsuite xmlns:xsi="http://www.w3.org/2001/XMLSchema-instance" xsi:noNamespaceSchemaLocation="https://maven.apache.org/surefire/maven-surefire-plugin/xsd/surefire-test-report.xsd" name="TestSuite" time="28.24" tests="4" errors="0" skipped="0" failures="3">
  <properties>
    <property name="java.specification.version" value="21"/>
    <property name="sun.jnu.encoding" value="UTF-8"/>
    <property name="java.class.path" value="/Users/debasishpruseth/eclipse-workspace/RahulShettyApplication/target/test-classes:/Users/debasishpruseth/eclipse-workspace/RahulShettyApplication/target/classes:/Users/debasishpruseth/.m2/repository/org/seleniumhq/selenium/selenium-java/4.14.1/selenium-java-4.14.1.jar:/Users/debasishpruseth/.m2/repository/org/seleniumhq/selenium/selenium-api/4.14.1/selenium-api-4.14.1.jar:/Users/debasishpruseth/.m2/repository/org/seleniumhq/selenium/selenium-chrome-driver/4.14.1/selenium-chrome-driver-4.14.1.jar:/Users/debasishpruseth/.m2/repository/com/google/auto/service/auto-service-annotations/1.1.1/auto-service-annotations-1.1.1.jar:/Users/debasishpruseth/.m2/repository/com/google/guava/guava/32.1.2-jre/guava-32.1.2-jre.jar:/Users/debasishpruseth/.m2/repository/com/google/guava/failureaccess/1.0.1/failureaccess-1.0.1.jar:/Users/debasishpruseth/.m2/repository/com/google/guava/listenablefuture/9999.0-empty-to-avoid-conflict-with-guava/listenablefuture-9999.0-empty-to-avoid-conflict-with-guava.jar:/Users/debasishpruseth/.m2/repository/com/google/code/findbugs/jsr305/3.0.2/jsr305-3.0.2.jar:/Users/debasishpruseth/.m2/repository/org/checkerframework/checker-qual/3.33.0/checker-qual-3.33.0.jar:/Users/debasishpruseth/.m2/repository/com/google/errorprone/error_prone_annotations/2.18.0/error_prone_annotations-2.18.0.jar:/Users/debasishpruseth/.m2/repository/com/google/j2objc/j2objc-annotations/2.8/j2objc-annotations-2.8.jar:/Users/debasishpruseth/.m2/repository/org/seleniumhq/selenium/selenium-chromium-driver/4.14.1/selenium-chromium-driver-4.14.1.jar:/Users/debasishpruseth/.m2/repository/org/seleniumhq/selenium/selenium-json/4.14.1/selenium-json-4.14.1.jar:/Users/debasishpruseth/.m2/repository/org/seleniumhq/selenium/selenium-manager/4.14.1/selenium-manager-4.14.1.jar:/Users/debasishpruseth/.m2/repository/org/seleniumhq/selenium/selenium-devtools-v116/4.14.1/selenium-devtools-v116-4.14.1.jar:/Users/debasishpruseth/.m2/repository/org/seleniumhq/selenium/selenium-devtools-v117/4.14.1/selenium-devtools-v117-4.14.1.jar:/Users/debasishpruseth/.m2/repository/org/seleniumhq/selenium/selenium-devtools-v118/4.14.1/selenium-devtools-v118-4.14.1.jar:/Users/debasishpruseth/.m2/repository/org/seleniumhq/selenium/selenium-devtools-v85/4.14.1/selenium-devtools-v85-4.14.1.jar:/Users/debasishpruseth/.m2/repository/org/seleniumhq/selenium/selenium-edge-driver/4.14.1/selenium-edge-driver-4.14.1.jar:/Users/debasishpruseth/.m2/repository/org/seleniumhq/selenium/selenium-firefox-driver/4.14.1/selenium-firefox-driver-4.14.1.jar:/Users/debasishpruseth/.m2/repository/org/seleniumhq/selenium/selenium-http/4.14.1/selenium-http-4.14.1.jar:/Users/debasishpruseth/.m2/repository/dev/failsafe/failsafe/3.3.2/failsafe-3.3.2.jar:/Users/debasishpruseth/.m2/repository/org/seleniumhq/selenium/selenium-ie-driver/4.14.1/selenium-ie-driver-4.14.1.jar:/Users/debasishpruseth/.m2/repository/org/seleniumhq/selenium/selenium-remote-driver/4.14.1/selenium-remote-driver-4.14.1.jar:/Users/debasishpruseth/.m2/repository/io/opentelemetry/opentelemetry-api/1.28.0/opentelemetry-api-1.28.0.jar:/Users/debasishpruseth/.m2/repository/io/opentelemetry/opentelemetry-context/1.28.0/opentelemetry-context-1.28.0.jar:/Users/debasishpruseth/.m2/repository/io/opentelemetry/opentelemetry-exporter-logging/1.28.0/opentelemetry-exporter-logging-1.28.0.jar:/Users/debasishpruseth/.m2/repository/io/opentelemetry/opentelemetry-sdk-metrics/1.28.0/opentelemetry-sdk-metrics-1.28.0.jar:/Users/debasishpruseth/.m2/repository/io/opentelemetry/opentelemetry-extension-incubator/1.28.0-alpha/opentelemetry-extension-incubator-1.28.0-alpha.jar:/Users/debasishpruseth/.m2/repository/io/opentelemetry/opentelemetry-sdk-logs/1.28.0/opentelemetry-sdk-logs-1.28.0.jar:/Users/debasishpruseth/.m2/repository/io/opentelemetry/opentelemetry-sdk-common/1.28.0/opentelemetry-sdk-common-1.28.0.jar:/Users/debasishpruseth/.m2/repository/io/opentelemetry/opentelemetry-sdk-extension-autoconfigure-spi/1.28.0/opentelemetry-sdk-extension-autoconfigure-spi-1.28.0.jar:/Users/debasishpruseth/.m2/repository/io/opentelemetry/opentelemetry-sdk-extension-autoconfigure/1.28.0/opentelemetry-sdk-extension-autoconfigure-1.28.0.jar:/Users/debasishpruseth/.m2/repository/io/opentelemetry/opentelemetry-api-events/1.28.0-alpha/opentelemetry-api-events-1.28.0-alpha.jar:/Users/debasishpruseth/.m2/repository/io/opentelemetry/opentelemetry-sdk-trace/1.28.0/opentelemetry-sdk-trace-1.28.0.jar:/Users/debasishpruseth/.m2/repository/io/opentelemetry/opentelemetry-sdk/1.28.0/opentelemetry-sdk-1.28.0.jar:/Users/debasishpruseth/.m2/repository/io/opentelemetry/opentelemetry-semconv/1.28.0-alpha/opentelemetry-semconv-1.28.0-alpha.jar:/Users/debasishpruseth/.m2/repository/net/bytebuddy/byte-buddy/1.14.5/byte-buddy-1.14.5.jar:/Users/debasishpruseth/.m2/repository/org/seleniumhq/selenium/selenium-os/4.14.1/selenium-os-4.14.1.jar:/Users/debasishpruseth/.m2/repository/org/apache/commons/commons-exec/1.3/commons-exec-1.3.jar:/Users/debasishpruseth/.m2/repository/org/seleniumhq/selenium/selenium-safari-driver/4.14.1/selenium-safari-driver-4.14.1.jar:/Users/debasishpruseth/.m2/repository/org/seleniumhq/selenium/selenium-support/4.14.1/selenium-support-4.14.1.jar:/Users/debasishpruseth/.m2/repository/io/cucumber/cucumber-java/7.5.0/cucumber-java-7.5.0.jar:/Users/debasishpruseth/.m2/repository/io/cucumber/cucumber-core/7.5.0/cucumber-core-7.5.0.jar:/Users/debasishpruseth/.m2/repository/io/cucumber/cucumber-gherkin/7.5.0/cucumber-gherkin-7.5.0.jar:/Users/debasishpruseth/.m2/repository/io/cucumber/cucumber-gherkin-messages/7.5.0/cucumber-gherkin-messages-7.5.0.jar:/Users/debasishpruseth/.m2/repository/io/cucumber/gherkin/23.0.1/gherkin-23.0.1.jar:/Users/debasishpruseth/.m2/repository/io/cucumber/messages/18.0.0/messages-18.0.0.jar:/Users/debasishpruseth/.m2/repository/io/cucumber/tag-expressions/4.1.0/tag-expressions-4.1.0.jar:/Users/debasishpruseth/.m2/repository/io/cucumber/cucumber-expressions/16.0.0/cucumber-expressions-16.0.0.jar:/Users/debasishpruseth/.m2/repository/io/cucumber/datatable/7.5.0/datatable-7.5.0.jar:/Users/debasishpruseth/.m2/repository/io/cucumber/cucumber-plugin/7.5.0/cucumber-plugin-7.5.0.jar:/Users/debasishpruseth/.m2/repository/io/cucumber/docstring/7.5.0/docstring-7.5.0.jar:/Users/debasishpruseth/.m2/repository/io/cucumber/html-formatter/19.2.0/html-formatter-19.2.0.jar:/Users/debasishpruseth/.m2/repository/io/cucumber/ci-environment/9.1.0/ci-environment-9.1.0.jar:/Users/debasishpruseth/.m2/repository/org/apiguardian/apiguardian-api/1.1.2/apiguardian-api-1.1.2.jar:/Users/debasishpruseth/.m2/repository/io/cucumber/cucumber-testng/7.5.0/cucumber-testng-7.5.0.jar:/Users/debasishpruseth/.m2/repository/com/aventstack/extentreports/5.0.9/extentreports-5.0.9.jar:/Users/debasishpruseth/.m2/repository/io/reactivex/rxjava3/rxjava/3.0.4/rxjava-3.0.4.jar:/Users/debasishpruseth/.m2/repository/org/reactivestreams/reactive-streams/1.0.3/reactive-streams-1.0.3.jar:/Users/debasishpruseth/.m2/repository/org/freemarker/freemarker/2.3.30/freemarker-2.3.30.jar:/Users/debasishpruseth/.m2/repository/org/projectlombok/lombok/1.18.12/lombok-1.18.12.jar:/Users/debasishpruseth/.m2/repository/com/google/code/gson/gson/2.8.6/gson-2.8.6.jar:/Users/debasishpruseth/.m2/repository/io/github/bonigarcia/webdrivermanager/5.1.1/webdrivermanager-5.1.1.jar:/Users/debasishpruseth/.m2/repository/org/slf4j/slf4j-api/1.7.36/slf4j-api-1.7.36.jar:/Users/debasishpruseth/.m2/repository/com/github/docker-java/docker-java/3.2.13/docker-java-3.2.13.jar:/Users/debasishpruseth/.m2/repository/com/github/docker-java/docker-java-core/3.2.13/docker-java-core-3.2.13.jar:/Users/debasishpruseth/.m2/repository/com/github/docker-java/docker-java-api/3.2.13/docker-java-api-3.2.13.jar:/Users/debasishpruseth/.m2/repository/commons-io/commons-io/2.6/commons-io-2.6.jar:/Users/debasishpruseth/.m2/repository/org/apache/commons/commons-compress/1.21/commons-compress-1.21.jar:/Users/debasishpruseth/.m2/repository/org/bouncycastle/bcpkix-jdk15on/1.64/bcpkix-jdk15on-1.64.jar:/Users/debasishpruseth/.m2/repository/org/bouncycastle/bcprov-jdk15on/1.64/bcprov-jdk15on-1.64.jar:/Users/debasishpruseth/.m2/repository/org/slf4j/jcl-over-slf4j/1.7.30/jcl-over-slf4j-1.7.30.jar:/Users/debasishpruseth/.m2/repository/com/github/docker-java/docker-java-transport-httpclient5/3.2.13/docker-java-transport-httpclient5-3.2.13.jar:/Users/debasishpruseth/.m2/repository/com/github/docker-java/docker-java-transport/3.2.13/docker-java-transport-3.2.13.jar:/Users/debasishpruseth/.m2/repository/net/java/dev/jna/jna/5.8.0/jna-5.8.0.jar:/Users/debasishpruseth/.m2/repository/org/brotli/dec/0.1.2/dec-0.1.2.jar:/Users/debasishpruseth/.m2/repository/org/apache/commons/commons-lang3/3.12.0/commons-lang3-3.12.0.jar:/Users/debasishpruseth/.m2/repository/org/apache/httpcomponents/client5/httpclient5/5.1.3/httpclient5-5.1.3.jar:/Users/debasishpruseth/.m2/repository/org/apache/httpcomponents/core5/httpcore5/5.1.3/httpcore5-5.1.3.jar:/Users/debasishpruseth/.m2/repository/org/apache/httpcomponents/core5/httpcore5-h2/5.1.3/httpcore5-h2-5.1.3.jar:/Users/debasishpruseth/.m2/repository/commons-codec/commons-codec/1.15/commons-codec-1.15.jar:/Users/debasishpruseth/.m2/repository/org/testng/testng/7.9.0/testng-7.9.0.jar:/Users/debasishpruseth/.m2/repository/com/beust/jcommander/1.82/jcommander-1.82.jar:/Users/debasishpruseth/.m2/repository/org/webjars/jquery/3.7.1/jquery-3.7.1.jar:/Users/debasishpruseth/.m2/repository/com/fasterxml/jackson/core/jackson-databind/2.13.3/jackson-databind-2.13.3.jar:/Users/debasishpruseth/.m2/repository/com/fasterxml/jackson/core/jackson-annotations/2.13.3/jackson-annotations-2.13.3.jar:/Users/debasishpruseth/.m2/repository/com/fasterxml/jackson/core/jackson-core/2.13.3/jackson-core-2.13.3.jar:"/>
    <property name="java.vm.vendor" value="Homebrew"/>
    <property name="sun.arch.data.model" value="64"/>
    <property name="java.vendor.url" value="https://github.com/Homebrew/homebrew-core/issues"/>
    <property name="os.name" value="Mac OS X"/>
    <property name="java.vm.specification.version" value="21"/>
    <property name="sun.java.launcher" value="SUN_STANDARD"/>
    <property name="user.country" value="IN"/>
    <property name="sun.boot.library.path" value="/opt/homebrew/Cellar/openjdk/21.0.1/libexec/openjdk.jdk/Contents/Home/lib"/>
    <property name="sun.java.command" value="/Users/debasishpruseth/eclipse-workspace/RahulShettyApplication/target/surefire/surefirebooter231501588295361749.jar /Users/debasishpruseth/eclipse-workspace/RahulShettyApplication/target/surefire 2024-01-10T02-03-10_450-jvmRun1 surefire13573493613489409518tmp surefire_03517414722425247580tmp"/>
    <property name="http.nonProxyHosts" value="local|*.local|169.254/16|*.169.254/16"/>
    <property name="jdk.debug" value="release"/>
    <property name="surefire.test.class.path" value="/Users/debasishpruseth/eclipse-workspace/RahulShettyApplication/target/test-classes:/Users/debasishpruseth/eclipse-workspace/RahulShettyApplication/target/classes:/Users/debasishpruseth/.m2/repository/org/seleniumhq/selenium/selenium-java/4.14.1/selenium-java-4.14.1.jar:/Users/debasishpruseth/.m2/repository/org/seleniumhq/selenium/selenium-api/4.14.1/selenium-api-4.14.1.jar:/Users/debasishpruseth/.m2/repository/org/seleniumhq/selenium/selenium-chrome-driver/4.14.1/selenium-chrome-driver-4.14.1.jar:/Users/debasishpruseth/.m2/repository/com/google/auto/service/auto-service-annotations/1.1.1/auto-service-annotations-1.1.1.jar:/Users/debasishpruseth/.m2/repository/com/google/guava/guava/32.1.2-jre/guava-32.1.2-jre.jar:/Users/debasishpruseth/.m2/repository/com/google/guava/failureaccess/1.0.1/failureaccess-1.0.1.jar:/Users/debasishpruseth/.m2/repository/com/google/guava/listenablefuture/9999.0-empty-to-avoid-conflict-with-guava/listenablefuture-9999.0-empty-to-avoid-conflict-with-guava.jar:/Users/debasishpruseth/.m2/repository/com/google/code/findbugs/jsr305/3.0.2/jsr305-3.0.2.jar:/Users/debasishpruseth/.m2/repository/org/checkerframework/checker-qual/3.33.0/checker-qual-3.33.0.jar:/Users/debasishpruseth/.m2/repository/com/google/errorprone/error_prone_annotations/2.18.0/error_prone_annotations-2.18.0.jar:/Users/debasishpruseth/.m2/repository/com/google/j2objc/j2objc-annotations/2.8/j2objc-annotations-2.8.jar:/Users/debasishpruseth/.m2/repository/org/seleniumhq/selenium/selenium-chromium-driver/4.14.1/selenium-chromium-driver-4.14.1.jar:/Users/debasishpruseth/.m2/repository/org/seleniumhq/selenium/selenium-json/4.14.1/selenium-json-4.14.1.jar:/Users/debasishpruseth/.m2/repository/org/seleniumhq/selenium/selenium-manager/4.14.1/selenium-manager-4.14.1.jar:/Users/debasishpruseth/.m2/repository/org/seleniumhq/selenium/selenium-devtools-v116/4.14.1/selenium-devtools-v116-4.14.1.jar:/Users/debasishpruseth/.m2/repository/org/seleniumhq/selenium/selenium-devtools-v117/4.14.1/selenium-devtools-v117-4.14.1.jar:/Users/debasishpruseth/.m2/repository/org/seleniumhq/selenium/selenium-devtools-v118/4.14.1/selenium-devtools-v118-4.14.1.jar:/Users/debasishpruseth/.m2/repository/org/seleniumhq/selenium/selenium-devtools-v85/4.14.1/selenium-devtools-v85-4.14.1.jar:/Users/debasishpruseth/.m2/repository/org/seleniumhq/selenium/selenium-edge-driver/4.14.1/selenium-edge-driver-4.14.1.jar:/Users/debasishpruseth/.m2/repository/org/seleniumhq/selenium/selenium-firefox-driver/4.14.1/selenium-firefox-driver-4.14.1.jar:/Users/debasishpruseth/.m2/repository/org/seleniumhq/selenium/selenium-http/4.14.1/selenium-http-4.14.1.jar:/Users/debasishpruseth/.m2/repository/dev/failsafe/failsafe/3.3.2/failsafe-3.3.2.jar:/Users/debasishpruseth/.m2/repository/org/seleniumhq/selenium/selenium-ie-driver/4.14.1/selenium-ie-driver-4.14.1.jar:/Users/debasishpruseth/.m2/repository/org/seleniumhq/selenium/selenium-remote-driver/4.14.1/selenium-remote-driver-4.14.1.jar:/Users/debasishpruseth/.m2/repository/io/opentelemetry/opentelemetry-api/1.28.0/opentelemetry-api-1.28.0.jar:/Users/debasishpruseth/.m2/repository/io/opentelemetry/opentelemetry-context/1.28.0/opentelemetry-context-1.28.0.jar:/Users/debasishpruseth/.m2/repository/io/opentelemetry/opentelemetry-exporter-logging/1.28.0/opentelemetry-exporter-logging-1.28.0.jar:/Users/debasishpruseth/.m2/repository/io/opentelemetry/opentelemetry-sdk-metrics/1.28.0/opentelemetry-sdk-metrics-1.28.0.jar:/Users/debasishpruseth/.m2/repository/io/opentelemetry/opentelemetry-extension-incubator/1.28.0-alpha/opentelemetry-extension-incubator-1.28.0-alpha.jar:/Users/debasishpruseth/.m2/repository/io/opentelemetry/opentelemetry-sdk-logs/1.28.0/opentelemetry-sdk-logs-1.28.0.jar:/Users/debasishpruseth/.m2/repository/io/opentelemetry/opentelemetry-sdk-common/1.28.0/opentelemetry-sdk-common-1.28.0.jar:/Users/debasishpruseth/.m2/repository/io/opentelemetry/opentelemetry-sdk-extension-autoconfigure-spi/1.28.0/opentelemetry-sdk-extension-autoconfigure-spi-1.28.0.jar:/Users/debasishpruseth/.m2/repository/io/opentelemetry/opentelemetry-sdk-extension-autoconfigure/1.28.0/opentelemetry-sdk-extension-autoconfigure-1.28.0.jar:/Users/debasishpruseth/.m2/repository/io/opentelemetry/opentelemetry-api-events/1.28.0-alpha/opentelemetry-api-events-1.28.0-alpha.jar:/Users/debasishpruseth/.m2/repository/io/opentelemetry/opentelemetry-sdk-trace/1.28.0/opentelemetry-sdk-trace-1.28.0.jar:/Users/debasishpruseth/.m2/repository/io/opentelemetry/opentelemetry-sdk/1.28.0/opentelemetry-sdk-1.28.0.jar:/Users/debasishpruseth/.m2/repository/io/opentelemetry/opentelemetry-semconv/1.28.0-alpha/opentelemetry-semconv-1.28.0-alpha.jar:/Users/debasishpruseth/.m2/repository/net/bytebuddy/byte-buddy/1.14.5/byte-buddy-1.14.5.jar:/Users/debasishpruseth/.m2/repository/org/seleniumhq/selenium/selenium-os/4.14.1/selenium-os-4.14.1.jar:/Users/debasishpruseth/.m2/repository/org/apache/commons/commons-exec/1.3/commons-exec-1.3.jar:/Users/debasishpruseth/.m2/repository/org/seleniumhq/selenium/selenium-safari-driver/4.14.1/selenium-safari-driver-4.14.1.jar:/Users/debasishpruseth/.m2/repository/org/seleniumhq/selenium/selenium-support/4.14.1/selenium-support-4.14.1.jar:/Users/debasishpruseth/.m2/repository/io/cucumber/cucumber-java/7.5.0/cucumber-java-7.5.0.jar:/Users/debasishpruseth/.m2/repository/io/cucumber/cucumber-core/7.5.0/cucumber-core-7.5.0.jar:/Users/debasishpruseth/.m2/repository/io/cucumber/cucumber-gherkin/7.5.0/cucumber-gherkin-7.5.0.jar:/Users/debasishpruseth/.m2/repository/io/cucumber/cucumber-gherkin-messages/7.5.0/cucumber-gherkin-messages-7.5.0.jar:/Users/debasishpruseth/.m2/repository/io/cucumber/gherkin/23.0.1/gherkin-23.0.1.jar:/Users/debasishpruseth/.m2/repository/io/cucumber/messages/18.0.0/messages-18.0.0.jar:/Users/debasishpruseth/.m2/repository/io/cucumber/tag-expressions/4.1.0/tag-expressions-4.1.0.jar:/Users/debasishpruseth/.m2/repository/io/cucumber/cucumber-expressions/16.0.0/cucumber-expressions-16.0.0.jar:/Users/debasishpruseth/.m2/repository/io/cucumber/datatable/7.5.0/datatable-7.5.0.jar:/Users/debasishpruseth/.m2/repository/io/cucumber/cucumber-plugin/7.5.0/cucumber-plugin-7.5.0.jar:/Users/debasishpruseth/.m2/repository/io/cucumber/docstring/7.5.0/docstring-7.5.0.jar:/Users/debasishpruseth/.m2/repository/io/cucumber/html-formatter/19.2.0/html-formatter-19.2.0.jar:/Users/debasishpruseth/.m2/repository/io/cucumber/ci-environment/9.1.0/ci-environment-9.1.0.jar:/Users/debasishpruseth/.m2/repository/org/apiguardian/apiguardian-api/1.1.2/apiguardian-api-1.1.2.jar:/Users/debasishpruseth/.m2/repository/io/cucumber/cucumber-testng/7.5.0/cucumber-testng-7.5.0.jar:/Users/debasishpruseth/.m2/repository/com/aventstack/extentreports/5.0.9/extentreports-5.0.9.jar:/Users/debasishpruseth/.m2/repository/io/reactivex/rxjava3/rxjava/3.0.4/rxjava-3.0.4.jar:/Users/debasishpruseth/.m2/repository/org/reactivestreams/reactive-streams/1.0.3/reactive-streams-1.0.3.jar:/Users/debasishpruseth/.m2/repository/org/freemarker/freemarker/2.3.30/freemarker-2.3.30.jar:/Users/debasishpruseth/.m2/repository/org/projectlombok/lombok/1.18.12/lombok-1.18.12.jar:/Users/debasishpruseth/.m2/repository/com/google/code/gson/gson/2.8.6/gson-2.8.6.jar:/Users/debasishpruseth/.m2/repository/io/github/bonigarcia/webdrivermanager/5.1.1/webdrivermanager-5.1.1.jar:/Users/debasishpruseth/.m2/repository/org/slf4j/slf4j-api/1.7.36/slf4j-api-1.7.36.jar:/Users/debasishpruseth/.m2/repository/com/github/docker-java/docker-java/3.2.13/docker-java-3.2.13.jar:/Users/debasishpruseth/.m2/repository/com/github/docker-java/docker-java-core/3.2.13/docker-java-core-3.2.13.jar:/Users/debasishpruseth/.m2/repository/com/github/docker-java/docker-java-api/3.2.13/docker-java-api-3.2.13.jar:/Users/debasishpruseth/.m2/repository/commons-io/commons-io/2.6/commons-io-2.6.jar:/Users/debasishpruseth/.m2/repository/org/apache/commons/commons-compress/1.21/commons-compress-1.21.jar:/Users/debasishpruseth/.m2/repository/org/bouncycastle/bcpkix-jdk15on/1.64/bcpkix-jdk15on-1.64.jar:/Users/debasishpruseth/.m2/repository/org/bouncycastle/bcprov-jdk15on/1.64/bcprov-jdk15on-1.64.jar:/Users/debasishpruseth/.m2/repository/org/slf4j/jcl-over-slf4j/1.7.30/jcl-over-slf4j-1.7.30.jar:/Users/debasishpruseth/.m2/repository/com/github/docker-java/docker-java-transport-httpclient5/3.2.13/docker-java-transport-httpclient5-3.2.13.jar:/Users/debasishpruseth/.m2/repository/com/github/docker-java/docker-java-transport/3.2.13/docker-java-transport-3.2.13.jar:/Users/debasishpruseth/.m2/repository/net/java/dev/jna/jna/5.8.0/jna-5.8.0.jar:/Users/debasishpruseth/.m2/repository/org/brotli/dec/0.1.2/dec-0.1.2.jar:/Users/debasishpruseth/.m2/repository/org/apache/commons/commons-lang3/3.12.0/commons-lang3-3.12.0.jar:/Users/debasishpruseth/.m2/repository/org/apache/httpcomponents/client5/httpclient5/5.1.3/httpclient5-5.1.3.jar:/Users/debasishpruseth/.m2/repository/org/apache/httpcomponents/core5/httpcore5/5.1.3/httpcore5-5.1.3.jar:/Users/debasishpruseth/.m2/repository/org/apache/httpcomponents/core5/httpcore5-h2/5.1.3/httpcore5-h2-5.1.3.jar:/Users/debasishpruseth/.m2/repository/commons-codec/commons-codec/1.15/commons-codec-1.15.jar:/Users/debasishpruseth/.m2/repository/org/testng/testng/7.9.0/testng-7.9.0.jar:/Users/debasishpruseth/.m2/repository/com/beust/jcommander/1.82/jcommander-1.82.jar:/Users/debasishpruseth/.m2/repository/org/webjars/jquery/3.7.1/jquery-3.7.1.jar:/Users/debasishpruseth/.m2/repository/com/fasterxml/jackson/core/jackson-databind/2.13.3/jackson-databind-2.13.3.jar:/Users/debasishpruseth/.m2/repository/com/fasterxml/jackson/core/jackson-annotations/2.13.3/jackson-annotations-2.13.3.jar:/Users/debasishpruseth/.m2/repository/com/fasterxml/jackson/core/jackson-core/2.13.3/jackson-core-2.13.3.jar:"/>
    <property name="sun.cpu.endian" value="little"/>
    <property name="user.home" value="/Users/debasishpruseth"/>
    <property name="user.language" value="en"/>
    <property name="java.specification.vendor" value="Oracle Corporation"/>
    <property name="java.version.date" value="2023-10-17"/>
    <property name="java.home" value="/opt/homebrew/Cellar/openjdk/21.0.1/libexec/openjdk.jdk/Contents/Home"/>
    <property name="file.separator" value="/"/>
    <property name="basedir" value="/Users/debasishpruseth/eclipse-workspace/RahulShettyApplication"/>
    <property name="java.vm.compressedOopsMode" value="Zero based"/>
    <property name="line.separator" value="&#10;"/>
    <property name="java.vm.specification.vendor" value="Oracle Corporation"/>
    <property name="java.specification.name" value="Java Platform API Specification"/>
    <property name="apple.awt.application.name" value="ForkedBooter"/>
    <property name="surefire.real.class.path" value="/Users/debasishpruseth/eclipse-workspace/RahulShettyApplication/target/surefire/surefirebooter231501588295361749.jar"/>
    <property name="sun.management.compiler" value="HotSpot 64-Bit Tiered Compilers"/>
    <property name="ftp.nonProxyHosts" value="local|*.local|169.254/16|*.169.254/16"/>
    <property name="java.runtime.version" value="21.0.1"/>
    <property name="user.name" value="debasishpruseth"/>
    <property name="stdout.encoding" value="UTF-8"/>
    <property name="path.separator" value=":"/>
    <property name="os.version" value="14.0"/>
    <property name="java.runtime.name" value="OpenJDK Runtime Environment"/>
    <property name="file.encoding" value="UTF-8"/>
    <property name="browser" value="firefox"/>
    <property name="java.vm.name" value="OpenJDK 64-Bit Server VM"/>
    <property name="java.vendor.version" value="Homebrew"/>
    <property name="localRepository" value="/Users/debasishpruseth/.m2/repository"/>
    <property name="java.vendor.url.bug" value="https://github.com/Homebrew/homebrew-core/issues"/>
    <property name="java.io.tmpdir" value="/var/folders/yw/64mq6cx54mqc3fjqp5ytzh340000gn/T/"/>
    <property name="java.version" value="21.0.1"/>
    <property name="user.dir" value="/Users/debasishpruseth/eclipse-workspace/RahulShettyApplication"/>
    <property name="os.arch" value="aarch64"/>
    <property name="java.vm.specification.name" value="Java Virtual Machine Specification"/>
    <property name="native.encoding" value="UTF-8"/>
    <property name="java.library.path" value="/Users/debasishpruseth/Library/Java/Extensions:/Library/Java/Extensions:/Network/Library/Java/Extensions:/System/Library/Java/Extensions:/usr/lib/java:."/>
    <property name="java.vm.info" value="mixed mode, sharing"/>
    <property name="stderr.encoding" value="UTF-8"/>
    <property name="java.vendor" value="Homebrew"/>
    <property name="java.vm.version" value="21.0.1"/>
    <property name="sun.io.unicode.encoding" value="UnicodeBig"/>
    <property name="socksNonProxyHosts" value="local|*.local|169.254/16|*.169.254/16"/>
    <property name="java.class.version" value="65.0"/>
  </properties>
  <testcase name="errorProductValidation" classname="com.debasish.testCases.ErrorValidationTest" time="1.619">
    <failure message="Element &lt;button class=&quot;btn btn-custom&quot;&gt; is not clickable at point (1198,26) because another element &lt;div class=&quot;ngx-spinner-overlay ng-tns-c31-1 ng-trigger ng-trigger-fadeIn ng-star-inserted ng-animating&quot;&gt; obscures it&#10;Build info: version: &apos;4.14.1&apos;, revision: &apos;03f8ede370&apos;&#10;System info: os.name: &apos;Mac OS X&apos;, os.arch: &apos;aarch64&apos;, os.version: &apos;14.0&apos;, java.version: &apos;21.0.1&apos;&#10;Driver info: org.openqa.selenium.firefox.FirefoxDriver&#10;Command: [6481060e-5779-4756-a8df-7cf45daf672c, clickElement {id=27bca45d-6502-48da-ac31-1b04b37004af}]&#10;Capabilities {acceptInsecureCerts: true, browserName: firefox, browserVersion: 121.0.1, moz:accessibilityChecks: false, moz:buildID: 20240108143603, moz:debuggerAddress: 127.0.0.1:20622, moz:geckodriverVersion: 0.34.0, moz:headless: false, moz:platformVersion: 23.0.0, moz:processID: 78617, moz:profile: /var/folders/yw/64mq6cx54mq..., moz:shutdownTimeout: 60000, moz:webdriverClick: true, moz:windowless: false, pageLoadStrategy: normal, platformName: mac, proxy: Proxy(), se:cdp: ws://127.0.0.1:20622/devtoo..., se:cdpVersion: 85.0, setWindowRect: true, strictFileInteractability: false, timeouts: {implicit: 0, pageLoad: 300000, script: 30000}, unhandledPromptBehavior: dismiss and notify}&#10;Element: [[FirefoxDriver: firefox on mac (6481060e-5779-4756-a8df-7cf45daf672c)] -&gt; css selector: [routerlink*=&apos;cart&apos;]]&#10;Session ID: 6481060e-5779-4756-a8df-7cf45daf672c" type="org.openqa.selenium.ElementClickInterceptedException"><![CDATA[org.openqa.selenium.ElementClickInterceptedException: 
Element <button class="btn btn-custom"> is not clickable at point (1198,26) because another element <div class="ngx-spinner-overlay ng-tns-c31-1 ng-trigger ng-trigger-fadeIn ng-star-inserted ng-animating"> obscures it
Build info: version: '4.14.1', revision: '03f8ede370'
System info: os.name: 'Mac OS X', os.arch: 'aarch64', os.version: '14.0', java.version: '21.0.1'
Driver info: org.openqa.selenium.firefox.FirefoxDriver
Command: [6481060e-5779-4756-a8df-7cf45daf672c, clickElement {id=27bca45d-6502-48da-ac31-1b04b37004af}]
Capabilities {acceptInsecureCerts: true, browserName: firefox, browserVersion: 121.0.1, moz:accessibilityChecks: false, moz:buildID: 20240108143603, moz:debuggerAddress: 127.0.0.1:20622, moz:geckodriverVersion: 0.34.0, moz:headless: false, moz:platformVersion: 23.0.0, moz:processID: 78617, moz:profile: /var/folders/yw/64mq6cx54mq..., moz:shutdownTimeout: 60000, moz:webdriverClick: true, moz:windowless: false, pageLoadStrategy: normal, platformName: mac, proxy: Proxy(), se:cdp: ws://127.0.0.1:20622/devtoo..., se:cdpVersion: 85.0, setWindowRect: true, strictFileInteractability: false, timeouts: {implicit: 0, pageLoad: 300000, script: 30000}, unhandledPromptBehavior: dismiss and notify}
Element: [[FirefoxDriver: firefox on mac (6481060e-5779-4756-a8df-7cf45daf672c)] -> css selector: [routerlink*='cart']]
Session ID: 6481060e-5779-4756-a8df-7cf45daf672c
	at com.debasish.testCases.ErrorValidationTest.errorProductValidation(ErrorValidationTest.java:36)
]]></failure>
    <system-err><![CDATA[SLF4J: Failed to load class "org.slf4j.impl.StaticLoggerBinder".
SLF4J: Defaulting to no-operation (NOP) logger implementation
SLF4J: See http://www.slf4j.org/codes.html#StaticLoggerBinder for further details.
]]></system-err>
  </testcase>
  <testcase name="getErrorMessage" classname="com.debasish.testCases.ErrorValidationTest" time="0.324"/>
  <testcase name="submitOrder" classname="com.debasish.testCases.SubmitOrderTest" time="1.553">
    <failure message="Element &lt;button class=&quot;btn btn-custom&quot;&gt; is not clickable at point (1198,26) because another element &lt;div class=&quot;ngx-spinner-overlay ng-tns-c31-1 ng-trigger ng-trigger-fadeIn ng-star-inserted ng-animating&quot;&gt; obscures it&#10;Build info: version: &apos;4.14.1&apos;, revision: &apos;03f8ede370&apos;&#10;System info: os.name: &apos;Mac OS X&apos;, os.arch: &apos;aarch64&apos;, os.version: &apos;14.0&apos;, java.version: &apos;21.0.1&apos;&#10;Driver info: org.openqa.selenium.firefox.FirefoxDriver&#10;Command: [7b6db3aa-7374-4956-a08f-bbeeb411e1bc, clickElement {id=d0666614-a8b5-4d5b-953b-e1db4bf5ed5a}]&#10;Capabilities {acceptInsecureCerts: true, browserName: firefox, browserVersion: 121.0.1, moz:accessibilityChecks: false, moz:buildID: 20240108143603, moz:debuggerAddress: 127.0.0.1:40808, moz:geckodriverVersion: 0.34.0, moz:headless: false, moz:platformVersion: 23.0.0, moz:processID: 78711, moz:profile: /var/folders/yw/64mq6cx54mq..., moz:shutdownTimeout: 60000, moz:webdriverClick: true, moz:windowless: false, pageLoadStrategy: normal, platformName: mac, proxy: Proxy(), se:cdp: ws://127.0.0.1:40808/devtoo..., se:cdpVersion: 85.0, setWindowRect: true, strictFileInteractability: false, timeouts: {implicit: 0, pageLoad: 300000, script: 30000}, unhandledPromptBehavior: dismiss and notify}&#10;Element: [[FirefoxDriver: firefox on mac (7b6db3aa-7374-4956-a08f-bbeeb411e1bc)] -&gt; css selector: [routerlink*=&apos;cart&apos;]]&#10;Session ID: 7b6db3aa-7374-4956-a08f-bbeeb411e1bc" type="org.openqa.selenium.ElementClickInterceptedException"><![CDATA[org.openqa.selenium.ElementClickInterceptedException: 
Element <button class="btn btn-custom"> is not clickable at point (1198,26) because another element <div class="ngx-spinner-overlay ng-tns-c31-1 ng-trigger ng-trigger-fadeIn ng-star-inserted ng-animating"> obscures it
Build info: version: '4.14.1', revision: '03f8ede370'
System info: os.name: 'Mac OS X', os.arch: 'aarch64', os.version: '14.0', java.version: '21.0.1'
Driver info: org.openqa.selenium.firefox.FirefoxDriver
Command: [7b6db3aa-7374-4956-a08f-bbeeb411e1bc, clickElement {id=d0666614-a8b5-4d5b-953b-e1db4bf5ed5a}]
Capabilities {acceptInsecureCerts: true, browserName: firefox, browserVersion: 121.0.1, moz:accessibilityChecks: false, moz:buildID: 20240108143603, moz:debuggerAddress: 127.0.0.1:40808, moz:geckodriverVersion: 0.34.0, moz:headless: false, moz:platformVersion: 23.0.0, moz:processID: 78711, moz:profile: /var/folders/yw/64mq6cx54mq..., moz:shutdownTimeout: 60000, moz:webdriverClick: true, moz:windowless: false, pageLoadStrategy: normal, platformName: mac, proxy: Proxy(), se:cdp: ws://127.0.0.1:40808/devtoo..., se:cdpVersion: 85.0, setWindowRect: true, strictFileInteractability: false, timeouts: {implicit: 0, pageLoad: 300000, script: 30000}, unhandledPromptBehavior: dismiss and notify}
Element: [[FirefoxDriver: firefox on mac (7b6db3aa-7374-4956-a08f-bbeeb411e1bc)] -> css selector: [routerlink*='cart']]
Session ID: 7b6db3aa-7374-4956-a08f-bbeeb411e1bc
	at com.debasish.testCases.SubmitOrderTest.submitOrder(SubmitOrderTest.java:33)
]]></failure>
  </testcase>
  <testcase name="submitOrder" classname="com.debasish.testCases.SubmitOrderTest" time="1.555">
    <failure message="Element &lt;button class=&quot;btn btn-custom&quot;&gt; is not clickable at point (1198,26) because another element &lt;div class=&quot;ngx-spinner-overlay ng-tns-c31-1 ng-trigger ng-trigger-fadeIn ng-star-inserted ng-animating&quot;&gt; obscures it&#10;Build info: version: &apos;4.14.1&apos;, revision: &apos;03f8ede370&apos;&#10;System info: os.name: &apos;Mac OS X&apos;, os.arch: &apos;aarch64&apos;, os.version: &apos;14.0&apos;, java.version: &apos;21.0.1&apos;&#10;Driver info: org.openqa.selenium.firefox.FirefoxDriver&#10;Command: [46bf9d53-dc5e-4e20-a2aa-942083f0b77b, clickElement {id=89746c91-067d-4284-84c1-bbc6e115475f}]&#10;Capabilities {acceptInsecureCerts: true, browserName: firefox, browserVersion: 121.0.1, moz:accessibilityChecks: false, moz:buildID: 20240108143603, moz:debuggerAddress: 127.0.0.1:40213, moz:geckodriverVersion: 0.34.0, moz:headless: false, moz:platformVersion: 23.0.0, moz:processID: 78760, moz:profile: /var/folders/yw/64mq6cx54mq..., moz:shutdownTimeout: 60000, moz:webdriverClick: true, moz:windowless: false, pageLoadStrategy: normal, platformName: mac, proxy: Proxy(), se:cdp: ws://127.0.0.1:40213/devtoo..., se:cdpVersion: 85.0, setWindowRect: true, strictFileInteractability: false, timeouts: {implicit: 0, pageLoad: 300000, script: 30000}, unhandledPromptBehavior: dismiss and notify}&#10;Element: [[FirefoxDriver: firefox on mac (46bf9d53-dc5e-4e20-a2aa-942083f0b77b)] -&gt; css selector: [routerlink*=&apos;cart&apos;]]&#10;Session ID: 46bf9d53-dc5e-4e20-a2aa-942083f0b77b" type="org.openqa.selenium.ElementClickInterceptedException"><![CDATA[org.openqa.selenium.ElementClickInterceptedException: 
Element <button class="btn btn-custom"> is not clickable at point (1198,26) because another element <div class="ngx-spinner-overlay ng-tns-c31-1 ng-trigger ng-trigger-fadeIn ng-star-inserted ng-animating"> obscures it
Build info: version: '4.14.1', revision: '03f8ede370'
System info: os.name: 'Mac OS X', os.arch: 'aarch64', os.version: '14.0', java.version: '21.0.1'
Driver info: org.openqa.selenium.firefox.FirefoxDriver
Command: [46bf9d53-dc5e-4e20-a2aa-942083f0b77b, clickElement {id=89746c91-067d-4284-84c1-bbc6e115475f}]
Capabilities {acceptInsecureCerts: true, browserName: firefox, browserVersion: 121.0.1, moz:accessibilityChecks: false, moz:buildID: 20240108143603, moz:debuggerAddress: 127.0.0.1:40213, moz:geckodriverVersion: 0.34.0, moz:headless: false, moz:platformVersion: 23.0.0, moz:processID: 78760, moz:profile: /var/folders/yw/64mq6cx54mq..., moz:shutdownTimeout: 60000, moz:webdriverClick: true, moz:windowless: false, pageLoadStrategy: normal, platformName: mac, proxy: Proxy(), se:cdp: ws://127.0.0.1:40213/devtoo..., se:cdpVersion: 85.0, setWindowRect: true, strictFileInteractability: false, timeouts: {implicit: 0, pageLoad: 300000, script: 30000}, unhandledPromptBehavior: dismiss and notify}
Element: [[FirefoxDriver: firefox on mac (46bf9d53-dc5e-4e20-a2aa-942083f0b77b)] -> css selector: [routerlink*='cart']]
Session ID: 46bf9d53-dc5e-4e20-a2aa-942083f0b77b
	at com.debasish.testCases.SubmitOrderTest.submitOrder(SubmitOrderTest.java:33)
]]></failure>
  </testcase>
</testsuite>