<?xml version="1.0" encoding="UTF-8"?>
<!-- Generated by org.testng.reporters.JUnitReportReporter -->
<testsuite hostname="192.168.1.3" failures="0" tests="2" name="com.debasish.testCases.ErrorValidationTest" time="8.080" errors="0" timestamp="2024-01-09T21:17:45 IST" skipped="0">
  <testcase classname="com.debasish.testCases.ErrorValidationTest" name="getErrorMessage" time="4.363"/>
  <testcase classname="com.debasish.testCases.ErrorValidationTest" name="errorProductValidation" time="3.717"/>
</testsuite> <!-- com.debasish.testCases.ErrorValidationTest -->
