<?xml version="1.0" encoding="UTF-8"?>
<!-- Generated by org.testng.reporters.JUnitReportReporter -->
<testsuite hostname="192.168.1.3" failures="0" tests="2" name="com.debasish.testCases.OrderHistory" time="22.296" errors="0" timestamp="2024-01-09T21:17:45 IST" skipped="0">
  <testcase classname="com.debasish.testCases.OrderHistory" name="orderHistory" time="11.769"/>
  <testcase classname="com.debasish.testCases.OrderHistory" name="orderHistory" time="10.527"/>
</testsuite> <!-- com.debasish.testCases.OrderHistory -->
