<?xml version="1.0" encoding="UTF-8"?>
<!-- Generated by org.testng.reporters.JUnitReportReporter -->
<testsuite hostname="Debasishs-MacBook-Air.local" failures="0" tests="1" name="in.debasish.generalStore.eCommerceAddProductTest2" time="48.893" errors="0" timestamp="2024-06-08T16:29:47 IST" skipped="0">
  <testcase classname="in.debasish.generalStore.eCommerceAddProductTest2" name="addtoCart" time="48.893"/>
</testsuite> <!-- in.debasish.generalStore.eCommerceAddProductTest2 -->
