<?xml version="1.0" encoding="UTF-8"?>
<!-- Generated by org.testng.reporters.JUnitReportReporter -->
<testsuite hostname="192.168.1.3" failures="0" tests="1" name="testBase.AssighnLeaveTest" time="45.011" errors="0" timestamp="2024-01-07T01:00:09 IST" skipped="0">
  <testcase classname="testBase.AssighnLeaveTest" name="AssignLeave" time="45.011"/>
</testsuite> <!-- testBase.AssighnLeaveTest -->
