<?xml version="1.0" encoding="UTF-8"?>
<!-- Generated by org.testng.reporters.JUnitReportReporter -->
<testsuite hostname="192.168.1.3" failures="0" tests="1" name="in.debasish.testCases.LeaveListApproveTest" time="19.683" errors="0" timestamp="2024-01-24T15:39:03 IST" skipped="0">
  <testcase classname="in.debasish.testCases.LeaveListApproveTest" name="leaveListApproveTest" time="19.683"/>
</testsuite> <!-- in.debasish.testCases.LeaveListApproveTest -->
