<?xml version="1.0" encoding="UTF-8"?>
<!-- Generated by org.testng.reporters.JUnitReportReporter -->
<testsuite hostname="192.168.1.3" failures="0" tests="1" name="testBase.AlluserDetailsTest" time="11.765" errors="0" timestamp="2024-01-07T15:09:12 IST" skipped="0">
  <testcase classname="testBase.AlluserDetailsTest" name="getallUserManagementDetails" time="11.765"/>
</testsuite> <!-- testBase.AlluserDetailsTest -->
