<?xml version="1.0" encoding="UTF-8"?>
<!-- Generated by org.testng.reporters.JUnitReportReporter -->
<testsuite hostname="192.168.1.3" failures="0" tests="1" name="testBase.LoginTest" time="3.621" errors="0" timestamp="2024-01-07T00:58:21 IST" skipped="0">
  <testcase classname="testBase.LoginTest" name="login" time="3.621"/>
</testsuite> <!-- testBase.LoginTest -->
