<?xml version="1.0" encoding="UTF-8"?>
<!-- Generated by org.testng.reporters.JUnitReportReporter -->
<testsuite hostname="192.168.1.3" failures="0" tests="1" name="cucumberOptions.TestNGTestRunner" time="14.890" errors="0" timestamp="2024-01-14T22:47:20 IST" skipped="0">
  <testcase classname="cucumberOptions.TestNGTestRunner" name="runScenario" time="14.890"/>
</testsuite> <!-- cucumberOptions.TestNGTestRunner -->
