<?xml version="1.0" encoding="UTF-8"?>
<!-- Generated by org.testng.reporters.JUnitReportReporter -->
<testsuite hostname="192.168.1.3" failures="0" tests="1" name="in.debasish.testCases.LoginTest" time="34.067" errors="0" timestamp="2023-12-28T13:56:27 IST" skipped="0">
  <testcase classname="in.debasish.testCases.LoginTest" name="loginTest" time="34.067"/>
  <system-out/>
</testsuite> <!-- in.debasish.testCases.LoginTest -->
