<?xml version="1.0" encoding="UTF-8"?>
<!-- Generated by org.testng.reporters.JUnitReportReporter -->
<testsuite hostname="Debasishs-MacBook-Air.local" failures="0" tests="1" name="org.testing.testScripts.TC6_CreateUserMockbinServer" time="1.944" errors="0" timestamp="2024-06-07T14:14:07 IST" skipped="0">
  <testcase classname="org.testing.testScripts.TC6_CreateUserMockbinServer" name="createMockbinTest" time="1.944"/>
</testsuite> <!-- org.testing.testScripts.TC6_CreateUserMockbinServer -->
