<?xml version="1.0" encoding="UTF-8"?>
<!-- Generated by org.testng.reporters.JUnitReportReporter -->
<testsuite hostname="Debasishs-MacBook-Air.local" failures="0" tests="1" name="org.testing.testScripts.TC2_CreateParticularPOST" time="1.084" errors="0" timestamp="2024-06-05T12:25:29 IST" skipped="0">
  <testcase classname="org.testing.testScripts.TC2_CreateParticularPOST" name="createPostRequest" time="1.084"/>
</testsuite> <!-- org.testing.testScripts.TC2_CreateParticularPOST -->
