<?xml version="1.0" encoding="UTF-8"?>
<!-- Generated by org.testng.reporters.JUnitReportReporter -->
<testsuite hostname="Debasishs-MacBook-Air.local" failures="0" tests="1" name="org.testing.testScripts.TC1_GetAllBooks" time="0.672" errors="0" timestamp="2024-06-02T15:17:06 IST" skipped="0">
  <testcase classname="org.testing.testScripts.TC1_GetAllBooks" name="getAllBooksTest" time="0.672"/>
</testsuite> <!-- org.testing.testScripts.TC1_GetAllBooks -->
