<?xml version="1.0" encoding="UTF-8"?>
<!-- Generated by org.testng.reporters.JUnitReportReporter -->
<testsuite hostname="Debasishs-MacBook-Air.local" failures="0" tests="1" name="org.testing.testScripts.TC2_ReqResCreateParticularPOST" time="1.070" errors="0" timestamp="2024-06-07T13:58:20 IST" skipped="0">
  <testcase classname="org.testing.testScripts.TC2_ReqResCreateParticularPOST" name="createPostRequest" time="1.070"/>
</testsuite> <!-- org.testing.testScripts.TC2_ReqResCreateParticularPOST -->
